<?xml version="1.0" encoding="UTF-8"?>
<!-- Generated by org.testng.reporters.JUnitReportReporter -->
<testsuite hostname="DESKTOP-UO1OTNH" failures="0" tests="1" name="learnautomation.testcases.Test23" time="18.354" errors="0" timestamp="2024-09-03T11:56:58 IST" skipped="0">
  <testcase classname="learnautomation.testcases.Test23" name="Test1" time="18.354"/>
  <system-out/>
</testsuite> <!-- learnautomation.testcases.Test23 -->
