<?xml version="1.0" encoding="UTF-8"?>
<!-- Generated by org.testng.reporters.JUnitReportReporter -->
<testsuite hostname="DESKTOP-UO1OTNH" failures="0" tests="1" name="learnautomation.testcases.HomePage" time="70.292" errors="0" timestamp="2024-09-04T20:40:04 IST" skipped="0">
  <testcase classname="learnautomation.testcases.HomePage" name="testLogin" time="70.292"/>
  <system-out>
    <![CDATA[Login attempt with username: rajvarma@gmail.com
Screenshot taken and saved at: C:\Users\LENOVO\eclipse-workspace\lavatech\src\AutomationQA\framework\Screenshot\loginPage_20240904_203940.png
Screenshot taken and saved at: C:\Users\LENOVO\eclipse-workspace\lavatech\src\AutomationQA\framework\Screenshot\logoutPage_20240904_204001.png]]>
  </system-out>
</testsuite> <!-- learnautomation.testcases.HomePage -->
